2018-11-12 16:55:27 DEBUG wire:73 -  << "      "abbr" : "MI",[\n]"
2018-11-12 16:55:27 DEBUG wire:73 -  << "      "area" : "250487SKM",[\n]"
2018-11-12 16:55:27 DEBUG wire:73 -  << "      "largest_city" : "Detroit",[\n]"
2018-11-12 16:55:27 DEBUG wire:73 -  << "      "capital" : "Lansing"[\n]"
2018-11-12 16:55:27 DEBUG wire:73 -  << "    }, {[\n]"
2018-11-12 16:55:27 DEBUG wire:73 -  << "      "id" : 23,[\n]"
2018-11-12 16:55:27 DEBUG wire:73 -  << "      "country" : "USA",[\n]"
2018-11-12 16:55:27 DEBUG wire:73 -  << "      "name" : "Minnesota",[\n]"
2018-11-12 16:55:27 DEBUG wire:73 -  << "      "abbr" : "MN",[\n]"
2018-11-12 16:55:27 DEBUG wire:73 -  << "      "area" : "225163SKM",[\n]"
2018-11-12 16:55:27 DEBUG wire:73 -  << "      "largest_city" : "Minneapolis",[\n]"
2018-11-12 16:55:27 DEBUG wire:73 -  << "      "capital" : "St. Paul"[\n]"
2018-11-12 16:55:27 DEBUG wire:73 -  << "    }, {[\n]"
2018-11-12 16:55:27 DEBUG wire:73 -  << "      "id" : 24,[\n]"
2018-11-12 16:55:27 DEBUG wire:73 -  << "      "country" : "USA",[\n]"
2018-11-12 16:55:27 DEBUG wire:73 -  << "      "name" : "Mississippi",[\n]"
2018-11-12 16:55:27 DEBUG wire:73 -  << "      "abbr" : "MS",[\n]"
2018-11-12 16:55:27 DEBUG wire:73 -  << "      "area" : "46923SKM",[\n]"
2018-11-12 16:55:27 DEBUG wire:73 -  << "      "largest_city" : "Jackson",[\n]"
2018-11-12 16:55:27 DEBUG wire:73 -  << "      "capital" : "Jackson"[\n]"
2018-11-12 16:55:27 DEBUG wire:73 -  << "    }, {[\n]"
2018-11-12 16:55:27 DEBUG wire:73 -  << "      "id" : 25,[\n]"
2018-11-12 16:55:27 DEBUG wire:73 -  << "      "country" : "USA",[\n]"
2018-11-12 16:55:27 DEBUG wire:73 -  << "      "name" : "Missouri",[\n]"
2018-11-12 16:55:27 DEBUG wire:73 -  << "      "abbr" : "MO",[\n]"
2018-11-12 16:55:27 DEBUG wire:73 -  << "      "area" : "180540SKM",[\n]"
2018-11-12 16:55:27 DEBUG wire:73 -  << "      "largest_city" : "Kansas City",[\n]"
2018-11-12 16:55:27 DEBUG wire:73 -  << "      "capital" : "Jefferson City"[\n]"
2018-11-12 16:55:27 DEBUG wire:73 -  << "    }, {[\n]"
2018-11-12 16:55:27 DEBUG wire:73 -  << "      "id" : 26,[\n]"
2018-11-12 16:55:27 DEBUG wire:73 -  << "      "country" : "USA",[\n]"
2018-11-12 16:55:27 DEBUG wire:73 -  << "      "name" : "Montana",[\n]"
2018-11-12 16:55:27 DEBUG wire:73 -  << "      "abbr" : "MT",[\n]"
2018-11-12 16:55:27 DEBUG wire:73 -  << "      "area" : "380831SKM",[\n]"
2018-11-12 16:55:27 DEBUG wire:73 -  << "      "largest_city" : "Billings",[\n]"
2018-11-12 16:55:27 DEBUG wire:73 -  << "      "capital" : "Helena"[\n]"
2018-11-12 16:55:27 DEBUG wire:73 -  << "    }, {[\n]"
2018-11-12 16:55:27 DEBUG wire:73 -  << "      "id" : 27,[\n]"
2018-11-12 16:55:27 DEBUG wire:73 -  << "      "country" : "USA",[\n]"
2018-11-12 16:55:27 DEBUG wire:73 -  << "      "name" : "Nebraska",[\n]"
2018-11-12 16:55:27 DEBUG wire:73 -  << "      "abbr" : "NE",[\n]"
2018-11-12 16:55:27 DEBUG wire:73 -  << "      "area" : "200330SKM",[\n]"
2018-11-12 16:55:27 DEBUG wire:73 -  << "      "largest_city" : "Omaha",[\n]"
2018-11-12 16:55:27 DEBUG wire:73 -  << "      "capital" : "Lincoln"[\n]"
2018-11-12 16:55:27 DEBUG wire:73 -  << "    }, {[\n]"
2018-11-12 16:55:27 DEBUG wire:73 -  << "      "id" : 28,[\n]"
2018-11-12 16:55:27 DEBUG wire:73 -  << "      "country" : "USA",[\n]"
2018-11-12 16:55:27 DEBUG wire:73 -  << "      "name" : "Nevada",[\n]"
2018-11-12 16:55:27 DEBUG wire:73 -  << "      "abbr" : "NV",[\n]"
2018-11-12 16:55:27 DEBUG wire:73 -  << "      "area" : "286380SKM",[\n]"
2018-11-12 16:55:27 DEBUG wire:73 -  << "      "largest_city" : "Las Vegas",[\n]"
2018-11-12 16:55:27 DEBUG wire:73 -  << "      "capital" : "Carson City"[\n]"
2018-11-12 16:55:27 DEBUG wire:73 -  << "    }, {[\n]"
2018-11-12 16:55:27 DEBUG wire:73 -  << "      "id" : 29,[\n]"
2018-11-12 16:55:27 DEBUG wire:73 -  << "      "country" : "USA",[\n]"
2018-11-12 16:55:27 DEBUG wire:73 -  << "      "name" : "New Hampshire",[\n]"
2018-11-12 16:55:27 DEBUG wire:73 -  << "      "abbr" : "NH",[\n]"
2018-11-12 16:55:27 DEBUG wire:73 -  << "      "area" : "24214SKM",[\n]"
2018-11-12 16:55:27 DEBUG wire:73 -  << "      "largest_city" : "Manchester",[\n]"
2018-11-12 16:55:27 DEBUG wire:73 -  << "      "capital" : "Concord"[\n]"
2018-11-12 16:55:27 DEBUG wire:73 -  << "    }, {[\n]"
2018-11-12 16:55:27 DEBUG wire:73 -  << "      "id" : 30,[\n]"
2018-11-12 16:55:27 DEBUG wire:73 -  << "      "country" : "USA",[\n]"
2018-11-12 16:55:27 DEBUG wire:73 -  << "      "name" : "New Jersey",[\n]"
2018-11-12 16:55:27 DEBUG wire:73 -  << "      "abbr" : "NJ",[\n]"
2018-11-12 16:55:27 DEBUG wire:73 -  << "      "area" : "22591SKM",[\n]"
2018-11-12 16:55:27 DEBUG wire:73 -  << "      "largest_city" : "Newark",[\n]"
2018-11-12 16:55:27 DEBUG wire:73 -  << "      "capital" : "Trenton"[\n]"
2018-11-12 16:55:27 DEBUG wire:73 -  << "    }, {[\n]"
2018-11-12 16:55:27 DEBUG wire:73 -  << "      "id" : 31,[\n]"
2018-11-12 16:55:27 DEBUG wire:73 -  << "      "country" : "USA",[\n]"
2018-11-12 16:55:27 DEBUG wire:73 -  << "      "name" : "New Mexico",[\n]"
2018-11-12 16:55:27 DEBUG wire:73 -  << "      "abbr" : "NM",[\n]"
2018-11-12 16:55:27 DEBUG wire:73 -  << "      "area" : "314917SKM",[\n]"
2018-11-12 16:55:27 DEBUG wire:73 -  << "      "largest_city" : "Albuquerque",[\n]"
2018-11-12 16:55:27 DEBUG wire:73 -  << "      "capital" : "Santa Fe"[\n]"
2018-11-12 16:55:27 DEBUG wire:73 -  << "    }, {[\n]"
2018-11-12 16:55:27 DEBUG wire:73 -  << "      "id" : 32,[\n]"
2018-11-12 16:55:27 DEBUG wire:73 -  << "      "country" : "USA",[\n]"
2018-11-12 16:55:27 DEBUG wire:73 -  << "      "name" : "New York",[\n]"
2018-11-12 16:55:27 DEBUG wire:73 -  << "      "abbr" : "NY",[\n]"
2018-11-12 16:55:27 DEBUG wire:73 -  << "      "area" : "141297SKM",[\n]"
2018-11-12 16:55:27 DEBUG wire:73 -  << "      "largest_city" : "New York City",[\n]"
2018-11-12 16:55:27 DEBUG wire:73 -  << "      "capital" : "Albany"[\n]"
2018-11-12 16:55:27 DEBUG wire:73 -  << "    }, {[\n]"
2018-11-12 16:55:27 DEBUG wire:73 -  << "      "id" : 33,[\n]"
2018-11-12 16:55:27 DEBUG wire:73 -  << "      "country" : "USA",[\n]"
2018-11-12 16:55:27 DEBUG wire:73 -  << "      "name" : "North Carolina",[\n]"
2018-11-12 16:55:27 DEBUG wire:73 -  << "      "abbr" : "NC",[\n]"
2018-11-12 16:55:27 DEBUG wire:73 -  << "      "area" : "139391SKM",[\n]"
2018-11-12 16:55:27 DEBUG wire:73 -  << "      "largest_city" : "Charlotte",[\n]"
2018-11-12 16:55:27 DEBUG wire:73 -  << "      "capital" : "Raleigh"[\n]"
2018-11-12 16:55:27 DEBUG wire:73 -  << "    }, {[\n]"
2018-11-12 16:55:27 DEBUG wire:73 -  << "      "id" : 34,[\n]"
2018-11-12 16:55:27 DEBUG wire:73 -  << "      "country" : "USA",[\n]"
2018-11-12 16:55:27 DEBUG wire:73 -  << "      "name" : "North Dakota",[\n]"
2018-11-12 16:55:27 DEBUG wire:73 -  << "      "abbr" : "ND",[\n]"
2018-11-12 16:55:27 DEBUG wire:73 -  << "      "area" : "183108SKM",[\n]"
2018-11-12 16:55:27 DEBUG wire:73 -  << "      "largest_city" : "Fargo",[\n]"
2018-11-12 16:55:27 DEBUG wire:73 -  << "      "capital" : "Bismarck"[\n]"
2018-11-12 16:55:27 DEBUG wire:73 -  << "    }, {[\n]"
2018-11-12 16:55:27 DEBUG wire:73 -  << "      "id" : 35,[\n]"
2018-11-12 16:55:27 DEBUG wire:73 -  << "      "country" : "USA",[\n]"
2018-11-12 16:55:27 DEBUG wire:73 -  << "      "name" : "Ohio",[\n]"
2018-11-12 16:55:27 DEBUG wire:73 -  << "      "abbr" : "OH",[\n]"
2018-11-12 16:55:27 DEBUG wire:73 -  << "      "area" : "40861SKM",[\n]"
2018-11-12 16:55:27 DEBUG wire:73 -  << "      "largest_city" : "Columbus",[\n]"
2018-11-12 16:55:27 DEBUG wire:73 -  << "      "capital" : "Columbus"[\n]"
2018-11-12 16:55:27 DEBUG wire:73 -  << "    }, {[\n]"
2018-11-12 16:55:27 DEBUG wire:73 -  << "      "id" : 36,[\n]"
2018-11-12 16:55:27 DEBUG wire:73 -  << "      "country" : "USA",[\n]"
2018-11-12 16:55:27 DEBUG wire:73 -  << "      "name" : "Oklahoma",[\n]"
2018-11-12 16:55:27 DEBUG wire:73 -  << "      "abbr" : "OK",[\n]"
2018-11-12 16:55:27 DEBUG wire:73 -  << "      "area" : "68595SKM",[\n]"
2018-11-12 16:55:27 DEBUG wire:73 -  << "      "largest_city" : "Oklahoma City",[\n]"
2018-11-12 16:55:27 DEBUG wire:73 -  << "      "capital" : "Oklahoma City"[\n]"
2018-11-12 16:55:27 DEBUG wire:73 -  << "    }, {[\n]"
2018-11-12 16:55:27 DEBUG wire:73 -  << "      "id" : 37,[\n]"
2018-11-12 16:55:27 DEBUG wire:73 -  << "      "country" : "USA",[\n]"
2018-11-12 16:55:27 DEBUG wire:73 -  << "      "name" : "Oregon",[\n]"
2018-11-12 16:55:27 DEBUG wire:73 -  << "      "abbr" : "OR",[\n]"
2018-11-12 16:55:27 DEBUG wire:73 -  << "      "area" : "254799SKM",[\n]"
2018-11-12 16:55:27 DEBUG wire:73 -  << "      "largest_city" : "Portland",[\n]"
2018-11-12 16:55:27 DEBUG wire:73 -  << "      "capital" : "Salem"[\n]"
2018-11-12 16:55:27 DEBUG wire:73 -  << "    }, {[\n]"
2018-11-12 16:55:27 DEBUG wire:73 -  << "      "id" : 38,[\n]"
2018-11-12 16:55:27 DEBUG wire:73 -  << "      "country" : "USA",[\n]"
2018-11-12 16:55:27 DEBUG wire:73 -  << "      "name" : "Pennsylvania",[\n]"
2018-11-12 16:55:27 DEBUG wire:73 -  << "      "abbr" : "PA",[\n]"
2018-11-12 16:55:27 DEBUG wire:73 -  << "      "area" : "119280SKM",[\n]"
2018-11-12 16:55:27 DEBUG wire:73 -  << "      "largest_city" : "Philadelphia",[\n]"
2018-11-12 16:55:27 DEBUG wire:73 -  << "      "capital" : "Harrisburg"[\n]"
2018-11-12 16:55:27 DEBUG wire:73 -  << "    }, {[\n]"
2018-11-12 16:55:27 DEBUG wire:73 -  << "      "id" : 39,[\n]"
2018-11-12 16:55:27 DEBUG wire:73 -  << "      "country" : "USA",[\n]"
2018-11-12 16:55:27 DEBUG wire:73 -  << "      "name" : "Rhode Island",[\n]"
2018-11-12 16:55:27 DEBUG wire:73 -  << "      "abbr" : "RI",[\n]"
2018-11-12 16:55:27 DEBUG wire:73 -  << "      "area" : "1034SKM",[\n]"
2018-11-12 16:55:27 DEBUG wire:73 -  << "      "largest_city" : "Providence",[\n]"
2018-11-12 16:55:27 DEBUG wire:73 -  << "      "capital" : "Providence"[\n]"
2018-11-12 16:55:27 DEBUG wire:73 -  << "    }, {[\n]"
2018-11-12 16:55:27 DEBUG wire:73 -  << "      "id" : 40,[\n]"
2018-11-12 16:55:27 DEBUG wire:73 -  << "      "country" : "USA",[\n]"
2018-11-12 16:55:27 DEBUG wire:73 -  << "      "name" : "South Carolina",[\n]"
2018-11-12 16:55:27 DEBUG wire:73 -  << "      "abbr" : "SC",[\n]"
2018-11-12 16:55:27 DEBUG wire:73 -  << "      "area" : "82933SKM",[\n]"
2018-11-12 16:55:27 DEBUG wire:73 -  << "      "largest_city" : "Charleston",[\n]"
2018-11-12 16:55:27 DEBUG wire:73 -  << "      "capital" : "Columbia"[\n]"
2018-11-12 16:55:27 DEBUG wire:73 -  << "    }, {[\n]"
2018-11-12 16:55:27 DEBUG wire:87 -  << "      "id" : 4"
2018-11-12 16:55:27 DEBUG wire:73 -  << "1,[\n]"
2018-11-12 16:55:27 DEBUG wire:73 -  << "      "country" : "USA",[\n]"
2018-11-12 16:55:27 DEBUG wire:73 -  << "      "name" : "South Dakota",[\n]"
2018-11-12 16:55:27 DEBUG wire:73 -  << "      "abbr" : "SD",[\n]"
2018-11-12 16:55:27 DEBUG wire:73 -  << "      "area" : "199729SKM",[\n]"
2018-11-12 16:55:27 DEBUG wire:73 -  << "      "largest_city" : "Sioux Falls",[\n]"
2018-11-12 16:55:27 DEBUG wire:73 -  << "      "capital" : "Pierre"[\n]"
2018-11-12 16:55:27 DEBUG wire:73 -  << "    }, {[\n]"
2018-11-12 16:55:27 DEBUG wire:73 -  << "      "id" : 42,[\n]"
2018-11-12 16:55:27 DEBUG wire:73 -  << "      "country" : "USA",[\n]"
2018-11-12 16:55:27 DEBUG wire:73 -  << "      "name" : "Tennessee",[\n]"
2018-11-12 16:55:27 DEBUG wire:73 -  << "      "abbr" : "TN",[\n]"
2018-11-12 16:55:27 DEBUG wire:73 -  << "      "area" : "41235SKM",[\n]"
2018-11-12 16:55:27 DEBUG wire:73 -  << "      "largest_city" : "Nashville",[\n]"
2018-11-12 16:55:27 DEBUG wire:73 -  << "      "capital" : "Nashville"[\n]"
2018-11-12 16:55:27 DEBUG wire:73 -  << "    }, {[\n]"
2018-11-12 16:55:27 DEBUG wire:73 -  << "      "id" : 43,[\n]"
2018-11-12 16:55:27 DEBUG wire:87 -  << "      ""
2018-11-12 16:55:27 DEBUG wire:73 -  << "[\r][\n]"
2018-11-12 16:55:27 DEBUG wire:73 -  << "91f[\r][\n]"
2018-11-12 16:55:27 DEBUG wire:73 -  << "country" : "USA",[\n]"
2018-11-12 16:55:27 DEBUG wire:73 -  << "      "name" : "Texas",[\n]"
2018-11-12 16:55:27 DEBUG wire:73 -  << "      "abbr" : "TX",[\n]"
2018-11-12 16:55:27 DEBUG wire:73 -  << "      "area" : "695662SKM",[\n]"
2018-11-12 16:55:27 DEBUG wire:73 -  << "      "largest_city" : "Houston",[\n]"
2018-11-12 16:55:27 DEBUG wire:73 -  << "      "capital" : "Austin"[\n]"
2018-11-12 16:55:27 DEBUG wire:73 -  << "    }, {[\n]"
2018-11-12 16:55:27 DEBUG wire:73 -  << "      "id" : 44,[\n]"
2018-11-12 16:55:27 DEBUG wire:73 -  << "      "country" : "USA",[\n]"
2018-11-12 16:55:27 DEBUG wire:73 -  << "      "name" : "Utah",[\n]"
2018-11-12 16:55:27 DEBUG wire:73 -  << "      "abbr" : "UT",[\n]"
2018-11-12 16:55:27 DEBUG wire:73 -  << "      "area" : "82170SKM",[\n]"
2018-11-12 16:55:27 DEBUG wire:73 -  << "      "largest_city" : "Salt Lake City",[\n]"
2018-11-12 16:55:27 DEBUG wire:73 -  << "      "capital" : "Salt Lake City"[\n]"
2018-11-12 16:55:27 DEBUG wire:73 -  << "    }, {[\n]"
2018-11-12 16:55:27 DEBUG wire:73 -  << "      "id" : 45,[\n]"
2018-11-12 16:55:27 DEBUG wire:73 -  << "      "country" : "USA",[\n]"
2018-11-12 16:55:27 DEBUG wire:73 -  << "      "name" : "Vermont",[\n]"
2018-11-12 16:55:27 DEBUG wire:73 -  << "      "abbr" : "VT",[\n]"
2018-11-12 16:55:27 DEBUG wire:73 -  << "      "area" : "24906SKM",[\n]"
2018-11-12 16:55:27 DEBUG wire:73 -  << "      "largest_city" : "Burlington",[\n]"
2018-11-12 16:55:27 DEBUG wire:73 -  << "      "capital" : "Montpelier"[\n]"
2018-11-12 16:55:27 DEBUG wire:73 -  << "    }, {[\n]"
2018-11-12 16:55:27 DEBUG wire:73 -  << "      "id" : 46,[\n]"
2018-11-12 16:55:27 DEBUG wire:73 -  << "      "country" : "USA",[\n]"
2018-11-12 16:55:27 DEBUG wire:73 -  << "      "name" : "Virginia",[\n]"
2018-11-12 16:55:27 DEBUG wire:73 -  << "      "abbr" : "VA",[\n]"
2018-11-12 16:55:27 DEBUG wire:73 -  << "      "area" : "110787SKM",[\n]"
2018-11-12 16:55:27 DEBUG wire:73 -  << "      "largest_city" : "Virginia Beach",[\n]"
2018-11-12 16:55:27 DEBUG wire:73 -  << "      "capital" : "Richmond"[\n]"
2018-11-12 16:55:27 DEBUG wire:73 -  << "    }, {[\n]"
2018-11-12 16:55:27 DEBUG wire:73 -  << "      "id" : 47,[\n]"
2018-11-12 16:55:27 DEBUG wire:73 -  << "      "country" : "USA",[\n]"
2018-11-12 16:55:27 DEBUG wire:73 -  << "      "name" : "Washington",[\n]"
2018-11-12 16:55:27 DEBUG wire:73 -  << "      "abbr" : "WA",[\n]"
2018-11-12 16:55:27 DEBUG wire:73 -  << "      "area" : "184661SKM",[\n]"
2018-11-12 16:55:27 DEBUG wire:73 -  << "      "largest_city" : "Seattle",[\n]"
2018-11-12 16:55:27 DEBUG wire:73 -  << "      "capital" : "Olympia"[\n]"
2018-11-12 16:55:27 DEBUG wire:73 -  << "    }, {[\n]"
2018-11-12 16:55:27 DEBUG wire:73 -  << "      "id" : 48,[\n]"
2018-11-12 16:55:27 DEBUG wire:73 -  << "      "country" : "USA",[\n]"
2018-11-12 16:55:27 DEBUG wire:73 -  << "      "name" : "West Virginia",[\n]"
2018-11-12 16:55:27 DEBUG wire:73 -  << "      "abbr" : "WV",[\n]"
2018-11-12 16:55:27 DEBUG wire:73 -  << "      "area" : "24038SKM",[\n]"
2018-11-12 16:55:27 DEBUG wire:73 -  << "      "largest_city" : "Charleston",[\n]"
2018-11-12 16:55:27 DEBUG wire:73 -  << "      "capital" : "Charleston"[\n]"
2018-11-12 16:55:27 DEBUG wire:73 -  << "    }, {[\n]"
2018-11-12 16:55:27 DEBUG wire:73 -  << "      "id" : 49,[\n]"
2018-11-12 16:55:27 DEBUG wire:73 -  << "      "country" : "USA",[\n]"
2018-11-12 16:55:27 DEBUG wire:73 -  << "      "name" : "Wisconsin",[\n]"
2018-11-12 16:55:27 DEBUG wire:73 -  << "      "abbr" : "WI",[\n]"
2018-11-12 16:55:27 DEBUG wire:73 -  << "      "area" : "169635SKM",[\n]"
2018-11-12 16:55:27 DEBUG wire:73 -  << "      "largest_city" : "Milwaukee",[\n]"
2018-11-12 16:55:27 DEBUG wire:73 -  << "      "capital" : "Madison"[\n]"
2018-11-12 16:55:27 DEBUG wire:73 -  << "    }, {[\n]"
2018-11-12 16:55:27 DEBUG wire:73 -  << "      "id" : 50,[\n]"
2018-11-12 16:55:27 DEBUG wire:73 -  << "      "country" : "USA",[\n]"
2018-11-12 16:55:27 DEBUG wire:73 -  << "      "name" : "Wyoming",[\n]"
2018-11-12 16:55:27 DEBUG wire:73 -  << "      "abbr" : "WY",[\n]"
2018-11-12 16:55:27 DEBUG wire:73 -  << "      "area" : "97093SKM",[\n]"
2018-11-12 16:55:27 DEBUG wire:73 -  << "      "largest_city" : "Cheyenne",[\n]"
2018-11-12 16:55:27 DEBUG wire:73 -  << "      "capital" : "Cheyenne"[\n]"
2018-11-12 16:55:27 DEBUG wire:73 -  << "    }, {[\n]"
2018-11-12 16:55:27 DEBUG wire:73 -  << "      "id" : 51,[\n]"
2018-11-12 16:55:27 DEBUG wire:73 -  << "      "country" : "USA",[\n]"
2018-11-12 16:55:27 DEBUG wire:73 -  << "      "name" : "American Samoa",[\n]"
2018-11-12 16:55:27 DEBUG wire:73 -  << "      "abbr" : "AS",[\n]"
2018-11-12 16:55:27 DEBUG wire:73 -  << "      "area" : "1505SKM",[\n]"
2018-11-12 16:55:27 DEBUG wire:73 -  << "      "capital" : "Pago Pago"[\n]"
2018-11-12 16:55:27 DEBUG wire:73 -  << "    }, {[\n]"
2018-11-12 16:55:27 DEBUG wire:73 -  << "      "id" : 52,[\n]"
2018-11-12 16:55:27 DEBUG wire:73 -  << "      "country" : "USA",[\n]"
2018-11-12 16:55:27 DEBUG wire:73 -  << "      "name" : "Guam",[\n]"
2018-11-12 16:55:27 DEBUG wire:73 -  << "      "abbr" : "GU",[\n]"
2018-11-12 16:55:27 DEBUG wire:73 -  << "      "area" : "1478SKM",[\n]"
2018-11-12 16:55:27 DEBUG wire:73 -  << "      "capital" : "Hag[0xc3][0xa5]t[0xc3][0xb1]a"[\n]"
2018-11-12 16:55:27 DEBUG wire:73 -  << "    }, {[\n]"
2018-11-12 16:55:27 DEBUG wire:73 -  << "      "id" : 53,[\n]"
2018-11-12 16:55:27 DEBUG wire:73 -  << "      "country" : "USA",[\n]"
2018-11-12 16:55:27 DEBUG wire:73 -  << "      "name" : "Northern Mariana Islands",[\n]"
2018-11-12 16:55:27 DEBUG wire:73 -  << "      "abbr" : "MP",[\n]"
2018-11-12 16:55:27 DEBUG wire:73 -  << "      "area" : "5117SKM",[\n]"
2018-11-12 16:55:27 DEBUG wire:73 -  << "      "capital" : "Saipan"[\n]"
2018-11-12 16:55:27 DEBUG wire:73 -  << "    }, {[\n]"
2018-11-12 16:55:27 DEBUG wire:73 -  << "      "id" : 54,[\n]"
2018-11-12 16:55:27 DEBUG wire:73 -  << "      "country" : "USA",[\n]"
2018-11-12 16:55:27 DEBUG wire:73 -  << "      "name" : "Puerto Rico",[\n]"
2018-11-12 16:55:27 DEBUG wire:73 -  << "      "abbr" : "PR",[\n]"
2018-11-12 16:55:27 DEBUG wire:73 -  << "      "area" : "13791SKM",[\n]"
2018-11-12 16:55:27 DEBUG wire:73 -  << "      "capital" : "San Juan"[\n]"
2018-11-12 16:55:27 DEBUG wire:73 -  << "    }, {[\n]"
2018-11-12 16:55:27 DEBUG wire:73 -  << "      "id" : 55,[\n]"
2018-11-12 16:55:27 DEBUG wire:73 -  << "      "country" : "USA",[\n]"
2018-11-12 16:55:27 DEBUG wire:73 -  << "      "name" : "U.S. Virgin Islands",[\n]"
2018-11-12 16:55:27 DEBUG wire:73 -  << "      "abbr" : "VI",[\n]"
2018-11-12 16:55:27 DEBUG wire:73 -  << "      "area" : "1898SKM",[\n]"
2018-11-12 16:55:27 DEBUG wire:73 -  << "      "capital" : "Charlotte Amalie"[\n]"
2018-11-12 16:55:27 DEBUG wire:73 -  << "    } ][\n]"
2018-11-12 16:55:27 DEBUG wire:73 -  << "  }[\n]"
2018-11-12 16:55:27 DEBUG wire:87 -  << "}"
2018-11-12 16:55:27 DEBUG wire:73 -  << "[\r][\n]"
2018-11-12 16:55:27 DEBUG wire:73 -  << "0[\r][\n]"
2018-11-12 16:55:27 DEBUG wire:73 -  << "[\r][\n]"
2018-11-12 16:55:27 DEBUG BasicClientConnectionManager:200 - Releasing connection org.apache.http.impl.conn.ManagedClientConnectionImpl@19650aa6
2018-11-12 16:55:27 DEBUG BasicClientConnectionManager:225 - Connection can be kept alive for 5000 MILLISECONDS
2018-11-12 16:55:27 DEBUG BasicClientConnectionManager:161 - Get connection for route {}->http://services.groupkt.com:80
2018-11-12 16:55:27 DEBUG DefaultClientConnectionOperator:177 - Connecting to services.groupkt.com:80
2018-11-12 16:55:27 DEBUG RequestAddCookies:123 - CookieSpec selected: ignoreCookies
2018-11-12 16:55:27 DEBUG RequestAuthCache:77 - Auth cache not set in the context
2018-11-12 16:55:27 DEBUG RequestTargetAuthentication:80 - Target auth state: UNCHALLENGED
2018-11-12 16:55:27 DEBUG RequestProxyAuthentication:89 - Proxy auth state: UNCHALLENGED
2018-11-12 16:55:27 DEBUG DefaultHttpClient:682 - Attempt 1 to execute request
2018-11-12 16:55:27 DEBUG DefaultClientConnection:274 - Sending request: GET /state/get/IND/all HTTP/1.1
2018-11-12 16:55:27 DEBUG wire:73 -  >> "GET /state/get/IND/all HTTP/1.1[\r][\n]"
2018-11-12 16:55:27 DEBUG wire:73 -  >> "Accept: */*[\r][\n]"
2018-11-12 16:55:27 DEBUG wire:73 -  >> "Host: services.groupkt.com[\r][\n]"
2018-11-12 16:55:27 DEBUG wire:73 -  >> "Connection: Keep-Alive[\r][\n]"
2018-11-12 16:55:27 DEBUG wire:73 -  >> "User-Agent: Apache-HttpClient/4.5.3 (Java/11.0.1)[\r][\n]"
2018-11-12 16:55:27 DEBUG wire:73 -  >> "Accept-Encoding: gzip,deflate[\r][\n]"
2018-11-12 16:55:27 DEBUG wire:73 -  >> "[\r][\n]"
2018-11-12 16:55:27 DEBUG headers:278 - >> GET /state/get/IND/all HTTP/1.1
2018-11-12 16:55:27 DEBUG headers:281 - >> Accept: */*
2018-11-12 16:55:27 DEBUG headers:281 - >> Host: services.groupkt.com
2018-11-12 16:55:27 DEBUG headers:281 - >> Connection: Keep-Alive
2018-11-12 16:55:27 DEBUG headers:281 - >> User-Agent: Apache-HttpClient/4.5.3 (Java/11.0.1)
2018-11-12 16:55:27 DEBUG headers:281 - >> Accept-Encoding: gzip,deflate
2018-11-12 16:55:27 DEBUG wire:73 -  << "HTTP/1.1 200 200[\r][\n]"
2018-11-12 16:55:27 DEBUG wire:73 -  << "Date: Mon, 12 Nov 2018 14:55:27 GMT[\r][\n]"
2018-11-12 16:55:27 DEBUG wire:73 -  << "Server: Apache/2.4.25 (Debian)[\r][\n]"
2018-11-12 16:55:27 DEBUG wire:73 -  << "X-Content-Type-Options: nosniff[\r][\n]"
2018-11-12 16:55:27 DEBUG wire:73 -  << "X-XSS-Protection: 1; mode=block[\r][\n]"
2018-11-12 16:55:27 DEBUG wire:73 -  << "Cache-Control: no-cache, no-store, max-age=0, must-revalidate[\r][\n]"
2018-11-12 16:55:27 DEBUG wire:73 -  << "Pragma: no-cache[\r][\n]"
2018-11-12 16:55:27 DEBUG wire:73 -  << "Expires: 0[\r][\n]"
2018-11-12 16:55:27 DEBUG wire:73 -  << "X-Frame-Options: DENY[\r][\n]"
2018-11-12 16:55:27 DEBUG wire:73 -  << "Keep-Alive: timeout=5, max=100[\r][\n]"
2018-11-12 16:55:27 DEBUG wire:73 -  << "Connection: Keep-Alive[\r][\n]"
2018-11-12 16:55:27 DEBUG wire:73 -  << "Transfer-Encoding: chunked[\r][\n]"
2018-11-12 16:55:27 DEBUG wire:73 -  << "Content-Type: application/json;charset=UTF-8[\r][\n]"
2018-11-12 16:55:27 DEBUG wire:73 -  << "[\r][\n]"
2018-11-12 16:55:27 DEBUG DefaultClientConnection:259 - Receiving response: HTTP/1.1 200 200
2018-11-12 16:55:27 DEBUG headers:262 - << HTTP/1.1 200 200
2018-11-12 16:55:27 DEBUG headers:265 - << Date: Mon, 12 Nov 2018 14:55:27 GMT
2018-11-12 16:55:27 DEBUG headers:265 - << Server: Apache/2.4.25 (Debian)
2018-11-12 16:55:27 DEBUG headers:265 - << X-Content-Type-Options: nosniff
2018-11-12 16:55:27 DEBUG headers:265 - << X-XSS-Protection: 1; mode=block
2018-11-12 16:55:27 DEBUG headers:265 - << Cache-Control: no-cache, no-store, max-age=0, must-revalidate
2018-11-12 16:55:27 DEBUG headers:265 - << Pragma: no-cache
2018-11-12 16:55:27 DEBUG headers:265 - << Expires: 0
2018-11-12 16:55:27 DEBUG headers:265 - << X-Frame-Options: DENY
2018-11-12 16:55:27 DEBUG headers:265 - << Keep-Alive: timeout=5, max=100
2018-11-12 16:55:27 DEBUG headers:265 - << Connection: Keep-Alive
2018-11-12 16:55:27 DEBUG headers:265 - << Transfer-Encoding: chunked
2018-11-12 16:55:27 DEBUG headers:265 - << Content-Type: application/json;charset=UTF-8
2018-11-12 16:55:27 DEBUG DefaultHttpClient:509 - Connection can be kept alive for 5000 MILLISECONDS
2018-11-12 16:55:27 DEBUG RequestSpecificationImpl$RestAssuredHttpBuilder:544 - Parsing response as: application/json;charset=UTF-8
2018-11-12 16:55:27 DEBUG RequestSpecificationImpl$RestAssuredHttpBuilder:547 - Parsed data to instance of: class org.apache.http.conn.EofSensorInputStream
2018-11-12 16:55:27 DEBUG wire:73 -  << "1bf0[\r][\n]"
2018-11-12 16:55:27 DEBUG wire:73 -  << "{[\n]"
2018-11-12 16:55:27 DEBUG wire:73 -  << "  "RestResponse" : {[\n]"
2018-11-12 16:55:27 DEBUG wire:73 -  << "    "messages" : [ "Total [36] records found." ],[\n]"
2018-11-12 16:55:27 DEBUG wire:73 -  << "    "result" : [ {[\n]"
2018-11-12 16:55:27 DEBUG wire:73 -  << "      "id" : 65,[\n]"
2018-11-12 16:55:27 DEBUG wire:73 -  << "      "country" : "IND",[\n]"
2018-11-12 16:55:27 DEBUG wire:73 -  << "      "name" : "Jammu and Kashmir",[\n]"
2018-11-12 16:55:27 DEBUG wire:73 -  << "      "abbr" : "JK",[\n]"
2018-11-12 16:55:27 DEBUG wire:73 -  << "      "area" : "12541302SKM",[\n]"
2018-11-12 16:55:27 DEBUG wire:73 -  << "      "largest_city" : "Srinagar Jammu",[\n]"
2018-11-12 16:55:27 DEBUG wire:73 -  << "      "capital" : "Srinagar Jammu"[\n]"
2018-11-12 16:55:27 DEBUG wire:73 -  << "    }, {[\n]"
2018-11-12 16:55:27 DEBUG wire:73 -  << "      "id" : 66,[\n]"
2018-11-12 16:55:27 DEBUG wire:73 -  << "      "country" : "IND",[\n]"
2018-11-12 16:55:27 DEBUG wire:73 -  << "      "name" : "Jharkhand",[\n]"
2018-11-12 16:55:27 DEBUG wire:73 -  << "      "abbr" : "JH",[\n]"
2018-11-12 16:55:27 DEBUG wire:73 -  << "      "area" : "32988134SKM",[\n]"
2018-11-12 16:55:27 DEBUG wire:73 -  << "      "largest_city" : "Ranchi",[\n]"
2018-11-12 16:55:27 DEBUG wire:73 -  << "      "capital" : "Ranchi"[\n]"
2018-11-12 16:55:27 DEBUG wire:73 -  << "    }, {[\n]"
2018-11-12 16:55:27 DEBUG wire:73 -  << "      "id" : 67,[\n]"
2018-11-12 16:55:27 DEBUG wire:73 -  << "      "country" : "IND",[\n]"
2018-11-12 16:55:27 DEBUG wire:73 -  << "      "name" : "Karnataka",[\n]"
2018-11-12 16:55:27 DEBUG wire:73 -  << "      "abbr" : "KA",[\n]"
2018-11-12 16:55:27 DEBUG wire:73 -  << "      "area" : "61095297SKM",[\n]"
2018-11-12 16:55:27 DEBUG wire:73 -  << "      "largest_city" : "Bangalore",[\n]"
2018-11-12 16:55:27 DEBUG wire:73 -  << "      "capital" : "Bangalore"[\n]"
2018-11-12 16:55:27 DEBUG wire:73 -  << "    }, {[\n]"
2018-11-12 16:55:27 DEBUG wire:73 -  << "      "id" : 68,[\n]"
2018-11-12 16:55:27 DEBUG wire:73 -  << "      "country" : "IND",[\n]"
2018-11-12 16:55:27 DEBUG wire:73 -  << "      "name" : "Kerala",[\n]"
2018-11-12 16:55:27 DEBUG wire:73 -  << "      "abbr" : "KL",[\n]"
2018-11-12 16:55:27 DEBUG wire:73 -  << "      "area" : "33406061SKM",[\n]"
2018-11-12 16:55:27 DEBUG wire:73 -  << "      "largest_city" : "Thiruvananthapuram",[\n]"
2018-11-12 16:55:27 DEBUG wire:73 -  << "      "capital" : "Thiruvananthapuram"[\n]"
2018-11-12 16:55:27 DEBUG wire:73 -  << "    }, {[\n]"
2018-11-12 16:55:27 DEBUG wire:73 -  << "      "id" : 69,[\n]"
2018-11-12 16:55:27 DEBUG wire:73 -  << "      "country" : "IND",[\n]"
2018-11-12 16:55:27 DEBUG wire:73 -  << "      "name" : "Madhya Pradesh",[\n]"
2018-11-12 16:55:27 DEBUG wire:73 -  << "      "abbr" : "MP",[\n]"
2018-11-12 16:55:27 DEBUG wire:73 -  << "      "area" : "72626809SKM",[\n]"
2018-11-12 16:55:27 DEBUG wire:73 -  << "      "largest_city" : "Bhopal",[\n]"
2018-11-12 16:55:27 DEBUG wire:73 -  << "      "capital" : "Bhopal"[\n]"
2018-11-12 16:55:27 DEBUG wire:73 -  << "    }, {[\n]"
2018-11-12 16:55:27 DEBUG wire:73 -  << "      "id" : 70,[\n]"
2018-11-12 16:55:27 DEBUG wire:73 -  << "      "country" : "IND",[\n]"
2018-11-12 16:55:27 DEBUG wire:73 -  << "      "name" : "Maharashtra",[\n]"
2018-11-12 16:55:27 DEBUG wire:73 -  << "      "abbr" : "MH",[\n]"
2018-11-12 16:55:27 DEBUG wire:73 -  << "      "area" : "112374333SKM",[\n]"
2018-11-12 16:55:27 DEBUG wire:73 -  << "      "largest_city" : "Mumbai",[\n]"
2018-11-12 16:55:27 DEBUG wire:73 -  << "      "capital" : "Mumbai"[\n]"
2018-11-12 16:55:27 DEBUG wire:73 -  << "    }, {[\n]"
2018-11-12 16:55:27 DEBUG wire:73 -  << "      "id" : 71,[\n]"
2018-11-12 16:55:27 DEBUG wire:73 -  << "      "country" : "IND",[\n]"
2018-11-12 16:55:27 DEBUG wire:73 -  << "      "name" : "Manipur",[\n]"
2018-11-12 16:55:27 DEBUG wire:73 -  << "      "abbr" : "MN",[\n]"
2018-11-12 16:55:27 DEBUG wire:73 -  << "      "area" : "2855794SKM",[\n]"
2018-11-12 16:55:27 DEBUG wire:73 -  << "      "largest_city" : "Imphal",[\n]"
2018-11-12 16:55:27 DEBUG wire:73 -  << "      "capital" : "Imphal"[\n]"
2018-11-12 16:55:27 DEBUG wire:73 -  << "    }, {[\n]"
2018-11-12 16:55:27 DEBUG wire:73 -  << "      "id" : 72,[\n]"
2018-11-12 16:55:27 DEBUG wire:73 -  << "      "country" : "IND",[\n]"
2018-11-12 16:55:27 DEBUG wire:73 -  << "      "name" : "Meghalaya",[\n]"
2018-11-12 16:55:27 DEBUG wire:73 -  << "      "abbr" : "ML",[\n]"
2018-11-12 16:55:27 DEBUG wire:73 -  << "      "area" : "2966889SKM",[\n]"
2018-11-12 16:55:27 DEBUG wire:73 -  << "      "largest_city" : "Shillong",[\n]"
2018-11-12 16:55:27 DEBUG wire:73 -  << "      "capital" : "Shillong"[\n]"
2018-11-12 16:55:27 DEBUG wire:73 -  << "    }, {[\n]"
2018-11-12 16:55:27 DEBUG wire:73 -  << "      "id" : 73,[\n]"
2018-11-12 16:55:27 DEBUG wire:73 -  << "      "country" : "IND",[\n]"
2018-11-12 16:55:27 DEBUG wire:73 -  << "      "name" : "Mizoram",[\n]"
2018-11-12 16:55:27 DEBUG wire:73 -  << "      "abbr" : "MZ",[\n]"
2018-11-12 16:55:27 DEBUG wire:73 -  << "      "area" : "1097206SKM",[\n]"
2018-11-12 16:55:27 DEBUG wire:73 -  << "      "largest_city" : "Aizawl",[\n]"
2018-11-12 16:55:27 DEBUG wire:73 -  << "      "capital" : "Aizawl"[\n]"
2018-11-12 16:55:27 DEBUG wire:73 -  << "    }, {[\n]"
2018-11-12 16:55:27 DEBUG wire:73 -  << "      "id" : 74,[\n]"
2018-11-12 16:55:27 DEBUG wire:73 -  << "      "country" : "IND",[\n]"
2018-11-12 16:55:27 DEBUG wire:73 -  << "      "name" : "Nagaland",[\n]"
2018-11-12 16:55:27 DEBUG wire:73 -  << "      "abbr" : "NL",[\n]"
2018-11-12 16:55:27 DEBUG wire:73 -  << "      "area" : "1978502SKM",[\n]"
2018-11-12 16:55:27 DEBUG wire:73 -  << "      "largest_city" : "Kohima",[\n]"
2018-11-12 16:55:27 DEBUG wire:73 -  << "      "capital" : "Kohima"[\n]"
2018-11-12 16:55:27 DEBUG wire:73 -  << "    }, {[\n]"
2018-11-12 16:55:27 DEBUG wire:73 -  << "      "id" : 75,[\n]"
2018-11-12 16:55:27 DEBUG wire:73 -  << "      "country" : "IND",[\n]"
2018-11-12 16:55:27 DEBUG wire:73 -  << "      "name" : "Odisha",[\n]"
2018-11-12 16:55:27 DEBUG wire:73 -  << "      "abbr" : "OD",[\n]"
2018-11-12 16:55:27 DEBUG wire:73 -  << "      "area" : "41974218SKM",[\n]"
2018-11-12 16:55:27 DEBUG wire:73 -  << "      "largest_city" : "Bhubaneswar",[\n]"
2018-11-12 16:55:27 DEBUG wire:73 -  << "      "capital" : "Bhubaneswar"[\n]"
2018-11-12 16:55:27 DEBUG wire:73 -  << "    }, {[\n]"
2018-11-12 16:55:27 DEBUG wire:73 -  << "      "id" : 76,[\n]"
2018-11-12 16:55:27 DEBUG wire:73 -  << "      "country" : "IND",[\n]"
2018-11-12 16:55:27 DEBUG wire:73 -  << "      "name" : "Punjab",[\n]"
2018-11-12 16:55:27 DEBUG wire:73 -  << "      "abbr" : "PB",[\n]"
2018-11-12 16:55:27 DEBUG wire:73 -  << "      "area" : "27743338SKM",[\n]"
2018-11-12 16:55:27 DEBUG wire:73 -  << "      "largest_city" : "Chandigarh",[\n]"
2018-11-12 16:55:27 DEBUG wire:73 -  << "      "capital" : "Chandigarh"[\n]"
2018-11-12 16:55:27 DEBUG wire:73 -  << "    }, {[\n]"
2018-11-12 16:55:27 DEBUG wire:73 -  << "      "id" : 77,[\n]"
2018-11-12 16:55:27 DEBUG wire:73 -  << "      "country" : "IND",[\n]"
2018-11-12 16:55:27 DEBUG wire:73 -  << "      "name" : "Rajasthan",[\n]"
2018-11-12 16:55:27 DEBUG wire:73 -  << "      "abbr" : "RJ",[\n]"
2018-11-12 16:55:27 DEBUG wire:73 -  << "      "area" : "68548437SKM",[\n]"
2018-11-12 16:55:27 DEBUG wire:73 -  << "      "largest_city" : "Jaipur",[\n]"
2018-11-12 16:55:27 DEBUG wire:73 -  << "      "capital" : "Jaipur"[\n]"
2018-11-12 16:55:27 DEBUG wire:73 -  << "    }, {[\n]"
2018-11-12 16:55:27 DEBUG wire:73 -  << "      "id" : 78,[\n]"
2018-11-12 16:55:27 DEBUG wire:73 -  << "      "country" : "IND",[\n]"
2018-11-12 16:55:27 DEBUG wire:73 -  << "      "name" : "Sikkim",[\n]"
2018-11-12 16:55:27 DEBUG wire:73 -  << "      "abbr" : "SK",[\n]"
2018-11-12 16:55:27 DEBUG wire:73 -  << "      "area" : "610577SKM",[\n]"
2018-11-12 16:55:27 DEBUG wire:73 -  << "      "largest_city" : "Gangtok",[\n]"
2018-11-12 16:55:27 DEBUG wire:73 -  << "      "capital" : "Gangtok"[\n]"
2018-11-12 16:55:27 DEBUG wire:73 -  << "    }, {[\n]"
2018-11-12 16:55:27 DEBUG wire:73 -  << "      "id" : 79,[\n]"
2018-11-12 16:55:27 DEBUG wire:73 -  << "      "country" : "IND",[\n]"
2018-11-12 16:55:27 DEBUG wire:73 -  << "      "name" : "Tamil Nadu",[\n]"
2018-11-12 16:55:27 DEBUG wire:73 -  << "      "abbr" : "TN",[\n]"
2018-11-12 16:55:27 DEBUG wire:73 -  << "      "area" : "72147030SKM",[\n]"
2018-11-12 16:55:27 DEBUG wire:73 -  << "      "largest_city" : "Chennai",[\n]"
2018-11-12 16:55:27 DEBUG wire:73 -  << "      "capital" : "Chennai"[\n]"
2018-11-12 16:55:27 DEBUG wire:73 -  << "    }, {[\n]"
2018-11-12 16:55:27 DEBUG wire:73 -  << "      "id" : 80,[\n]"
2018-11-12 16:55:27 DEBUG wire:73 -  << "      "country" : "IND",[\n]"
2018-11-12 16:55:27 DEBUG wire:73 -  << "      "name" : "Telangana",[\n]"
2018-11-12 16:55:27 DEBUG wire:73 -  << "      "abbr" : "TS",[\n]"
2018-11-12 16:55:27 DEBUG wire:73 -  << "      "area" : "3519397837SKM",[\n]"
2018-11-12 16:55:27 DEBUG wire:73 -  << "      "largest_city" : "Hyderabad",[\n]"
2018-11-12 16:55:27 DEBUG wire:73 -  << "      "capital" : "Hyderabad"[\n]"
2018-11-12 16:55:27 DEBUG wire:73 -  << "    }, {[\n]"
2018-11-12 16:55:27 DEBUG wire:73 -  << "      "id" : 81,[\n]"
2018-11-12 16:55:27 DEBUG wire:73 -  << "      "country" : "IND",[\n]"
2018-11-12 16:55:27 DEBUG wire:73 -  << "      "name" : "Tripura",[\n]"
2018-11-12 16:55:27 DEBUG wire:73 -  << "      "abbr" : "TR",[\n]"
2018-11-12 16:55:27 DEBUG wire:73 -  << "      "area" : "3673917SKM",[\n]"
2018-11-12 16:55:27 DEBUG wire:73 -  << "      "largest_city" : "Agartala",[\n]"
2018-11-12 16:55:27 DEBUG wire:73 -  << "      "capital" : "Agartala"[\n]"
2018-11-12 16:55:27 DEBUG wire:73 -  << "    }, {[\n]"
2018-11-12 16:55:27 DEBUG wire:73 -  << "      "id" : 82,[\n]"
2018-11-12 16:55:27 DEBUG wire:73 -  << "      "country" : "IND",[\n]"
2018-11-12 16:55:27 DEBUG wire:73 -  << "      "name" : "Uttar Pradesh",[\n]"
2018-11-12 16:55:27 DEBUG wire:73 -  << "      "abbr" : "UP",[\n]"
2018-11-12 16:55:27 DEBUG wire:73 -  << "      "area" : "199812341SKM",[\n]"
2018-11-12 16:55:27 DEBUG wire:73 -  << "      "largest_city" : "Lucknow",[\n]"
2018-11-12 16:55:27 DEBUG wire:73 -  << "      "capital" : "Lucknow"[\n]"
2018-11-12 16:55:27 DEBUG wire:73 -  << "    }, {[\n]"
2018-11-12 16:55:27 DEBUG wire:73 -  << "      "id" : 83,[\n]"
2018-11-12 16:55:27 DEBUG wire:73 -  << "      "country" : "IND",[\n]"
2018-11-12 16:55:27 DEBUG wire:73 -  << "      "name" : "Uttarakhand",[\n]"
2018-11-12 16:55:27 DEBUG wire:73 -  << "      "abbr" : "UK",[\n]"
2018-11-12 16:55:27 DEBUG wire:73 -  << "      "area" : "10086292SKM",[\n]"
2018-11-12 16:55:27 DEBUG wire:73 -  << "      "largest_city" : "Dehradun",[\n]"
2018-11-12 16:55:27 DEBUG wire:73 -  << "      "capital" : "Dehradun"[\n]"
2018-11-12 16:55:27 DEBUG wire:73 -  << "    }, {[\n]"
2018-11-12 16:55:27 DEBUG wire:73 -  << "      "id" : 84,[\n]"
2018-11-12 16:55:27 DEBUG wire:73 -  << "      "country" : "IND",[\n]"
2018-11-12 16:55:27 DEBUG wire:73 -  << "      "name" : "West Bengal",[\n]"
2018-11-12 16:55:27 DEBUG wire:73 -  << "      "abbr" : "WB",[\n]"
2018-11-12 16:55:27 DEBUG wire:73 -  << "      "area" : "91276115SKM",[\n]"
2018-11-12 16:55:27 DEBUG wire:73 -  << "      "largest_city" : "Kolkata",[\n]"
2018-11-12 16:55:27 DEBUG wire:73 -  << "      "capital" : "Kolkata"[\n]"
2018-11-12 16:55:27 DEBUG wire:73 -  << "    }, {[\n]"
2018-11-12 16:55:27 DEBUG wire:73 -  << "      "id" : 85,[\n]"
2018-11-12 16:55:27 DEBUG wire:73 -  << "      "country" : "IND",[\n]"
2018-11-12 16:55:27 DEBUG wire:73 -  << "      "name" : "Andaman and Nicobar Islands",[\n]"
2018-11-12 16:55:27 DEBUG wire:73 -  << "      "abbr" : "AN",[\n]"
2018-11-12 16:55:27 DEBUG wire:73 -  << "      "area" : "8249SKM",[\n]"
2018-11-12 16:55:27 DEBUG wire:73 -  << "      "largest_city" : "Port Blair",[\n]"
2018-11-12 16:55:27 DEBUG wire:73 -  << "      "capital" : "Port Blair"[\n]"
2018-11-12 16:55:27 DEBUG wire:73 -  << "    }, {[\n]"
2018-11-12 16:55:27 DEBUG wire:73 -  << "      "id" : 86,[\n]"
2018-11-12 16:55:27 DEBUG wire:73 -  << "      "country" : "IND",[\n]"
2018-11-12 16:55:27 DEBUG wire:73 -  << "      "name" : "Chandigarh",[\n]"
2018-11-12 16:55:27 DEBUG wire:73 -  << "      "abbr" : "CH",[\n]"
2018-11-12 16:55:27 DEBUG wire:73 -  << "      "area" : "114SKM",[\n]"
2018-11-12 16:55:27 DEBUG wire:73 -  << "      "largest_city" : "Chandigarh",[\n]"
2018-11-12 16:55:27 DEBUG wire:73 -  << "      "capital" : "Chandigarh"[\n]"
2018-11-12 16:55:27 DEBUG wire:73 -  << "    }, {[\n]"
2018-11-12 16:55:27 DEBUG wire:73 -  << "      "id" : 87,[\n]"
2018-11-12 16:55:27 DEBUG wire:73 -  << "      "country" : "IND",[\n]"
2018-11-12 16:55:27 DEBUG wire:73 -  << "      "name" : "Dadra and Nagar Haveli",[\n]"
2018-11-12 16:55:27 DEBUG wire:73 -  << "      "abbr" : "DN",[\n]"
2018-11-12 16:55:27 DEBUG wire:73 -  << "      "area" : "491SKM",[\n]"
2018-11-12 16:55:27 DEBUG wire:73 -  << "      "largest_city" : "Silvassa",[\n]"
2018-11-12 16:55:27 DEBUG wire:73 -  << "      "capital" : "Silvassa"[\n]"
2018-11-12 16:55:27 DEBUG wire:73 -  << "    }, {[\n]"
2018-11-12 16:55:27 DEBUG wire:73 -  << "      "id" : 88,[\n]"
2018-11-12 16:55:27 DEBUG wire:73 -  << "      "country" : "IND",[\n]"
2018-11-12 16:55:27 DEBUG wire:73 -  << "      "name" : "Daman and Diu",[\n]"
2018-11-12 16:55:27 DEBUG wire:73 -  << "      "abbr" : "DD",[\n]"
2018-11-12 16:55:27 DEBUG wire:73 -  << "      "area" : "112SKM",[\n]"
2018-11-12 16:55:27 DEBUG wire:73 -  << "      "largest_city" : "Daman",[\n]"
2018-11-12 16:55:27 DEBUG wire:73 -  << "      "capital" : "Daman"[\n]"
2018-11-12 16:55:27 DEBUG wire:73 -  << "    }, {[\n]"
2018-11-12 16:55:27 DEBUG wire:73 -  << "      "id" : 89,[\n]"
2018-11-12 16:55:27 DEBUG wire:73 -  << "      "country" : "IND",[\n]"
2018-11-12 16:55:27 DEBUG wire:73 -  << "      "name" : "Delhi",[\n]"
2018-11-12 16:55:27 DEBUG wire:73 -  << "      "abbr" : "DL",[\n]"
2018-11-12 16:55:27 DEBUG wire:73 -  << "      "area" : "1490SKM",[\n]"
2018-11-12 16:55:27 DEBUG wire:73 -  << "      "largest_city" : "New Delhi",[\n]"
2018-11-12 16:55:27 DEBUG wire:73 -  << "      "capital" : "New Delhi"[\n]"
2018-11-12 16:55:27 DEBUG wire:73 -  << "    }, {[\n]"
2018-11-12 16:55:27 DEBUG wire:73 -  << "      "id" : 56,[\n]"
2018-11-12 16:55:27 DEBUG wire:73 -  << "      "country" : "IND",[\n]"
2018-11-12 16:55:27 DEBUG wire:73 -  << "      "name" : "Andhra Pradesh",[\n]"
2018-11-12 16:55:27 DEBUG wire:73 -  << "      "abbr" : "AP",[\n]"
2018-11-12 16:55:27 DEBUG wire:73 -  << "      "area" : "49506799SKM",[\n]"
2018-11-12 16:55:27 DEBUG wire:73 -  << "      "largest_city" : "Hyderabad Amaravati",[\n]"
2018-11-12 16:55:27 DEBUG wire:73 -  << "      "capital" : "Hyderabad Amaravati"[\n]"
2018-11-12 16:55:27 DEBUG wire:73 -  << "    }, {[\n]"
2018-11-12 16:55:27 DEBUG wire:73 -  << "      "id" : 57,[\n]"
2018-11-12 16:55:27 DEBUG wire:73 -  << "      "country" : "IND",[\n]"
2018-11-12 16:55:27 DEBUG wire:73 -  << "      "name" : "Arunachal Pradesh",[\n]"
2018-11-12 16:55:27 DEBUG wire:73 -  << "      "abbr" : "AR",[\n]"
2018-11-12 16:55:27 DEBUG wire:73 -  << "      "area" : "1383727SKM",[\n]"
2018-11-12 16:55:27 DEBUG wire:73 -  << "      "largest_city" : "Itanagar",[\n]"
2018-11-12 16:55:27 DEBUG wire:73 -  << "      "capital" : "Itanagar"[\n]"
2018-11-12 16:55:27 DEBUG wire:73 -  << "    }, {[\n]"
2018-11-12 16:55:27 DEBUG wire:73 -  << "      "id" : 58,[\n]"
2018-11-12 16:55:27 DEBUG wire:73 -  << "      "country" : "IND",[\n]"
2018-11-12 16:55:27 DEBUG wire:73 -  << "      "name" : "Assam",[\n]"
2018-11-12 16:55:27 DEBUG wire:73 -  << "      "abbr" : "AS",[\n]"
2018-11-12 16:55:27 DEBUG wire:73 -  << "      "area" : "31205576SKM",[\n]"
2018-11-12 16:55:27 DEBUG wire:73 -  << "      "largest_city" : "Dispur",[\n]"
2018-11-12 16:55:27 DEBUG wire:73 -  << "      "capital" : "Dispur"[\n]"
2018-11-12 16:55:27 DEBUG wire:73 -  << "    }, {[\n]"
2018-11-12 16:55:27 DEBUG wire:73 -  << "      "id" : 59,[\n]"
2018-11-12 16:55:27 DEBUG wire:73 -  << "      "country" : "IND",[\n]"
2018-11-12 16:55:27 DEBUG wire:73 -  << "      "name" : "Bihar",[\n]"
2018-11-12 16:55:27 DEBUG wire:73 -  << "      "abbr" : "BR",[\n]"
2018-11-12 16:55:27 DEBUG wire:73 -  << "      "area" : "104099452SKM",[\n]"
2018-11-12 16:55:27 DEBUG wire:73 -  << "      "largest_city" : "Patna",[\n]"
2018-11-12 16:55:27 DEBUG wire:73 -  << "      "capital" : "Patna"[\n]"
2018-11-12 16:55:27 DEBUG wire:73 -  << "    }, {[\n]"
2018-11-12 16:55:27 DEBUG wire:73 -  << "      "id" : 60,[\n]"
2018-11-12 16:55:27 DEBUG wire:73 -  << "      "country" : "IND",[\n]"
2018-11-12 16:55:27 DEBUG wire:73 -  << "      "name" : "Chhattisgarh",[\n]"
2018-11-12 16:55:27 DEBUG wire:73 -  << "      "abbr" : "CG",[\n]"
2018-11-12 16:55:27 DEBUG wire:73 -  << "      "area" : "25545198SKM",[\n]"
2018-11-12 16:55:27 DEBUG wire:73 -  << "      "largest_city" : "Naya Raipur",[\n]"
2018-11-12 16:55:27 DEBUG wire:73 -  << "      "capital" : "Naya Raipur"[\n]"
2018-11-12 16:55:27 DEBUG wire:73 -  << "    }, {[\n]"
2018-11-12 16:55:27 DEBUG wire:73 -  << "      "id" : 61,[\n]"
2018-11-12 16:55:27 DEBUG wire:73 -  << "      "country" : "IND",[\n]"
2018-11-12 16:55:27 DEBUG wire:73 -  << "      "name" : "Goa",[\n]"
2018-11-12 16:55:27 DEBUG wire:73 -  << "      "abbr" : "GA",[\n]"
2018-11-12 16:55:27 DEBUG wire:73 -  << "      "area" : "1458545SKM",[\n]"
2018-11-12 16:55:27 DEBUG wire:73 -  << "      "largest_city" : "Panaji",[\n]"
2018-11-12 16:55:27 DEBUG wire:73 -  << "      "capital" : "Panaji"[\n]"
2018-11-12 16:55:27 DEBUG wire:73 -  << "    }, {[\n]"
2018-11-12 16:55:27 DEBUG wire:73 -  << "      "id" : 62,[\n]"
2018-11-12 16:55:27 DEBUG wire:73 -  << "      "country" : "IND",[\n]"
2018-11-12 16:55:27 DEBUG wire:73 -  << "      "name" : "Gujarat",[\n]"
2018-11-12 16:55:27 DEBUG wire:73 -  << "      "abbr" : "GJ",[\n]"
2018-11-12 16:55:27 DEBUG wire:73 -  << "      "area" : "60439692SKM",[\n]"
2018-11-12 16:55:27 DEBUG wire:73 -  << "      "largest_city" : "Gandhinagar",[\n]"
2018-11-12 16:55:27 DEBUG wire:73 -  << "      "capital" : "Gandhinagar"[\n]"
2018-11-12 16:55:27 DEBUG wire:73 -  << "    }, {[\n]"
2018-11-12 16:55:27 DEBUG wire:73 -  << "      "id" : 63,[\n]"
2018-11-12 16:55:27 DEBUG wire:73 -  << "      "country" : "IND",[\n]"
2018-11-12 16:55:27 DEBUG wire:73 -  << "      "name" : "Haryana",[\n]"
2018-11-12 16:55:27 DEBUG wire:73 -  << "      "abbr" : "HR",[\n]"
2018-11-12 16:55:27 DEBUG wire:73 -  << "      "area" : "25351462SKM",[\n]"
2018-11-12 16:55:27 DEBUG wire:73 -  << "      "largest_city" : "Chandigarh",[\n]"
2018-11-12 16:55:27 DEBUG wire:73 -  << "      "capital" : "Chandigarh"[\n]"
2018-11-12 16:55:27 DEBUG wire:73 -  << "    }, {[\n]"
2018-11-12 16:55:27 DEBUG wire:73 -  << "      "id" : 64,[\n]"
2018-11-12 16:55:27 DEBUG wire:73 -  << "      "country" : "IND",[\n]"
2018-11-12 16:55:27 DEBUG wire:73 -  << "      "name" : "Himachal Pradesh",[\n]"
2018-11-12 16:55:27 DEBUG wire:73 -  << "      "abbr" : "HP",[\n]"
2018-11-12 16:55:27 DEBUG wire:73 -  << "      "area" : "6864602SKM",[\n]"
2018-11-12 16:55:27 DEBUG wire:73 -  << "      "largest_city" : "Shimla Dharamshala",[\n]"
2018-11-12 16:55:27 DEBUG wire:73 -  << "      "capital" : "Shimla Dharamshala"[\n]"
2018-11-12 16:55:27 DEBUG wire:73 -  << "    }, {[\n]"
2018-11-12 16:55:27 DEBUG wire:73 -  << "      "id" : 90,[\n]"
2018-11-12 16:55:27 DEBUG wire:73 -  << "      "country" : "IND",[\n]"
2018-11-12 16:55:27 DEBUG wire:73 -  << "      "name" : "Lakshadweep",[\n]"
2018-11-12 16:55:27 DEBUG wire:73 -  << "      "abbr" : "LD",[\n]"
2018-11-12 16:55:27 DEBUG wire:73 -  << "      "area" : "32SKM",[\n]"
2018-11-12 16:55:27 DEBUG wire:73 -  << "      "largest_city" : "Kavaratti",[\n]"
2018-11-12 16:55:27 DEBUG wire:73 -  << "      "capital" : "Kavaratti"[\n]"
2018-11-12 16:55:27 DEBUG wire:73 -  << "    }, {[\n]"
2018-11-12 16:55:27 DEBUG wire:73 -  << "      "id" : 91,[\n]"
2018-11-12 16:55:27 DEBUG wire:73 -  << "      "country" : "IND",[\n]"
2018-11-12 16:55:27 DEBUG wire:73 -  << "      "name" : "Puducherry",[\n]"
2018-11-12 16:55:27 DEBUG wire:73 -  << "      "abbr" : "PY",[\n]"
2018-11-12 16:55:27 DEBUG wire:73 -  << "      "area" : "492SKM",[\n]"
2018-11-12 16:55:27 DEBUG wire:73 -  << "      "largest_city" : "Pondicherry",[\n]"
2018-11-12 16:55:27 DEBUG wire:73 -  << "      "capital" : "Pondicherry"[\n]"
2018-11-12 16:55:27 DEBUG wire:73 -  << "    } ][\n]"
2018-11-12 16:55:27 DEBUG wire:73 -  << "  }[\n]"
2018-11-12 16:55:27 DEBUG wire:87 -  << "}"
2018-11-12 16:55:27 DEBUG wire:73 -  << "[\r][\n]"
2018-11-12 16:55:27 DEBUG wire:73 -  << "0[\r][\n]"
2018-11-12 16:55:27 DEBUG wire:73 -  << "[\r][\n]"
2018-11-12 16:55:27 DEBUG BasicClientConnectionManager:200 - Releasing connection org.apache.http.impl.conn.ManagedClientConnectionImpl@1a6cf771
2018-11-12 16:55:27 DEBUG BasicClientConnectionManager:225 - Connection can be kept alive for 5000 MILLISECONDS
2018-11-12 16:55:27 DEBUG BasicClientConnectionManager:161 - Get connection for route {}->http://services.groupkt.com:80
2018-11-12 16:55:27 DEBUG DefaultClientConnectionOperator:177 - Connecting to services.groupkt.com:80
2018-11-12 16:55:28 DEBUG RequestAddCookies:123 - CookieSpec selected: ignoreCookies
2018-11-12 16:55:28 DEBUG RequestAuthCache:77 - Auth cache not set in the context
2018-11-12 16:55:28 DEBUG RequestTargetAuthentication:80 - Target auth state: UNCHALLENGED
2018-11-12 16:55:28 DEBUG RequestProxyAuthentication:89 - Proxy auth state: UNCHALLENGED
2018-11-12 16:55:28 DEBUG DefaultHttpClient:682 - Attempt 1 to execute request
2018-11-12 16:55:28 DEBUG DefaultClientConnection:274 - Sending request: GET /state/get/UKR/all HTTP/1.1
2018-11-12 16:55:28 DEBUG wire:73 -  >> "GET /state/get/UKR/all HTTP/1.1[\r][\n]"
2018-11-12 16:55:28 DEBUG wire:73 -  >> "Accept: */*[\r][\n]"
2018-11-12 16:55:28 DEBUG wire:73 -  >> "Host: services.groupkt.com[\r][\n]"
2018-11-12 16:55:28 DEBUG wire:73 -  >> "Connection: Keep-Alive[\r][\n]"
2018-11-12 16:55:28 DEBUG wire:73 -  >> "User-Agent: Apache-HttpClient/4.5.3 (Java/11.0.1)[\r][\n]"
2018-11-12 16:55:28 DEBUG wire:73 -  >> "Accept-Encoding: gzip,deflate[\r][\n]"
2018-11-12 16:55:28 DEBUG wire:73 -  >> "[\r][\n]"
2018-11-12 16:55:28 DEBUG headers:278 - >> GET /state/get/UKR/all HTTP/1.1
2018-11-12 16:55:28 DEBUG headers:281 - >> Accept: */*
2018-11-12 16:55:28 DEBUG headers:281 - >> Host: services.groupkt.com
2018-11-12 16:55:28 DEBUG headers:281 - >> Connection: Keep-Alive
2018-11-12 16:55:28 DEBUG headers:281 - >> User-Agent: Apache-HttpClient/4.5.3 (Java/11.0.1)
2018-11-12 16:55:28 DEBUG headers:281 - >> Accept-Encoding: gzip,deflate
2018-11-12 16:55:28 DEBUG wire:73 -  << "HTTP/1.1 200 200[\r][\n]"
2018-11-12 16:55:28 DEBUG wire:73 -  << "Date: Mon, 12 Nov 2018 14:55:28 GMT[\r][\n]"
2018-11-12 16:55:28 DEBUG wire:73 -  << "Server: Apache/2.4.25 (Debian)[\r][\n]"
2018-11-12 16:55:28 DEBUG wire:73 -  << "X-Content-Type-Options: nosniff[\r][\n]"
2018-11-12 16:55:28 DEBUG wire:73 -  << "X-XSS-Protection: 1; mode=block[\r][\n]"
2018-11-12 16:55:28 DEBUG wire:73 -  << "Cache-Control: no-cache, no-store, max-age=0, must-revalidate[\r][\n]"
2018-11-12 16:55:28 DEBUG wire:73 -  << "Pragma: no-cache[\r][\n]"
2018-11-12 16:55:28 DEBUG wire:73 -  << "Expires: 0[\r][\n]"
2018-11-12 16:55:28 DEBUG wire:73 -  << "X-Frame-Options: DENY[\r][\n]"
2018-11-12 16:55:28 DEBUG wire:73 -  << "Keep-Alive: timeout=5, max=100[\r][\n]"
2018-11-12 16:55:28 DEBUG wire:73 -  << "Connection: Keep-Alive[\r][\n]"
2018-11-12 16:55:28 DEBUG wire:73 -  << "Transfer-Encoding: chunked[\r][\n]"
2018-11-12 16:55:28 DEBUG wire:73 -  << "Content-Type: application/json;charset=UTF-8[\r][\n]"
2018-11-12 16:55:28 DEBUG wire:73 -  << "[\r][\n]"
2018-11-12 16:55:28 DEBUG DefaultClientConnection:259 - Receiving response: HTTP/1.1 200 200
2018-11-12 16:55:28 DEBUG headers:262 - << HTTP/1.1 200 200
2018-11-12 16:55:28 DEBUG headers:265 - << Date: Mon, 12 Nov 2018 14:55:28 GMT
2018-11-12 16:55:28 DEBUG headers:265 - << Server: Apache/2.4.25 (Debian)
2018-11-12 16:55:28 DEBUG headers:265 - << X-Content-Type-Options: nosniff
2018-11-12 16:55:28 DEBUG headers:265 - << X-XSS-Protection: 1; mode=block
2018-11-12 16:55:28 DEBUG headers:265 - << Cache-Control: no-cache, no-store, max-age=0, must-revalidate
2018-11-12 16:55:28 DEBUG headers:265 - << Pragma: no-cache
2018-11-12 16:55:28 DEBUG headers:265 - << Expires: 0
2018-11-12 16:55:28 DEBUG headers:265 - << X-Frame-Options: DENY
2018-11-12 16:55:28 DEBUG headers:265 - << Keep-Alive: timeout=5, max=100
2018-11-12 16:55:28 DEBUG headers:265 - << Connection: Keep-Alive
2018-11-12 16:55:28 DEBUG headers:265 - << Transfer-Encoding: chunked
2018-11-12 16:55:28 DEBUG headers:265 - << Content-Type: application/json;charset=UTF-8
2018-11-12 16:55:28 DEBUG DefaultHttpClient:509 - Connection can be kept alive for 5000 MILLISECONDS
2018-11-12 16:55:28 DEBUG RequestSpecificationImpl$RestAssuredHttpBuilder:544 - Parsing response as: application/json;charset=UTF-8
2018-11-12 16:55:28 DEBUG RequestSpecificationImpl$RestAssuredHttpBuilder:547 - Parsed data to instance of: class org.apache.http.conn.EofSensorInputStream
2018-11-12 16:55:28 DEBUG wire:73 -  << "60[\r][\n]"
2018-11-12 16:55:28 DEBUG wire:73 -  << "{[\n]"
2018-11-12 16:55:28 DEBUG wire:73 -  << "  "RestResponse" : {[\n]"
2018-11-12 16:55:28 DEBUG wire:73 -  << "    "messages" : [ "Total [0] records found." ],[\n]"
2018-11-12 16:55:28 DEBUG wire:73 -  << "    "result" : [ ][\n]"
2018-11-12 16:55:28 DEBUG wire:73 -  << "  }[\n]"
2018-11-12 16:55:28 DEBUG wire:87 -  << "}"
2018-11-12 16:55:28 DEBUG wire:73 -  << "[\r][\n]"
2018-11-12 16:55:28 DEBUG wire:73 -  << "0[\r][\n]"
2018-11-12 16:55:28 DEBUG wire:73 -  << "[\r][\n]"
2018-11-12 16:55:28 DEBUG BasicClientConnectionManager:200 - Releasing connection org.apache.http.impl.conn.ManagedClientConnectionImpl@7fd8c559
2018-11-12 16:55:28 DEBUG BasicClientConnectionManager:225 - Connection can be kept alive for 5000 MILLISECONDS
2018-11-12 16:55:28 DEBUG BasicClientConnectionManager:161 - Get connection for route {}->http://services.groupkt.com:80
2018-11-12 16:55:28 DEBUG DefaultClientConnectionOperator:177 - Connecting to services.groupkt.com:80
2018-11-12 16:55:28 DEBUG RequestAddCookies:123 - CookieSpec selected: ignoreCookies
2018-11-12 16:55:28 DEBUG RequestAuthCache:77 - Auth cache not set in the context
2018-11-12 16:55:28 DEBUG RequestTargetAuthentication:80 - Target auth state: UNCHALLENGED
2018-11-12 16:55:28 DEBUG RequestProxyAuthentication:89 - Proxy auth state: UNCHALLENGED
2018-11-12 16:55:28 DEBUG DefaultHttpClient:682 - Attempt 1 to execute request
2018-11-12 16:55:28 DEBUG DefaultClientConnection:274 - Sending request: GET /state/get/USA/AK HTTP/1.1
2018-11-12 16:55:28 DEBUG wire:73 -  >> "GET /state/get/USA/AK HTTP/1.1[\r][\n]"
2018-11-12 16:55:28 DEBUG wire:73 -  >> "Accept: */*[\r][\n]"
2018-11-12 16:55:28 DEBUG wire:73 -  >> "Host: services.groupkt.com[\r][\n]"
2018-11-12 16:55:28 DEBUG wire:73 -  >> "Connection: Keep-Alive[\r][\n]"
2018-11-12 16:55:28 DEBUG wire:73 -  >> "User-Agent: Apache-HttpClient/4.5.3 (Java/11.0.1)[\r][\n]"
2018-11-12 16:55:28 DEBUG wire:73 -  >> "Accept-Encoding: gzip,deflate[\r][\n]"
2018-11-12 16:55:28 DEBUG wire:73 -  >> "[\r][\n]"
2018-11-12 16:55:28 DEBUG headers:278 - >> GET /state/get/USA/AK HTTP/1.1
2018-11-12 16:55:28 DEBUG headers:281 - >> Accept: */*
2018-11-12 16:55:28 DEBUG headers:281 - >> Host: services.groupkt.com
2018-11-12 16:55:28 DEBUG headers:281 - >> Connection: Keep-Alive
2018-11-12 16:55:28 DEBUG headers:281 - >> User-Agent: Apache-HttpClient/4.5.3 (Java/11.0.1)
2018-11-12 16:55:28 DEBUG headers:281 - >> Accept-Encoding: gzip,deflate
2018-11-12 16:55:28 DEBUG wire:73 -  << "HTTP/1.1 200 200[\r][\n]"
2018-11-12 16:55:28 DEBUG wire:73 -  << "Date: Mon, 12 Nov 2018 14:55:28 GMT[\r][\n]"
2018-11-12 16:55:28 DEBUG wire:73 -  << "Server: Apache/2.4.25 (Debian)[\r][\n]"
2018-11-12 16:55:28 DEBUG wire:73 -  << "X-Content-Type-Options: nosniff[\r][\n]"
2018-11-12 16:55:28 DEBUG wire:73 -  << "X-XSS-Protection: 1; mode=block[\r][\n]"
2018-11-12 16:55:28 DEBUG wire:73 -  << "Cache-Control: no-cache, no-store, max-age=0, must-revalidate[\r][\n]"
2018-11-12 16:55:28 DEBUG wire:73 -  << "Pragma: no-cache[\r][\n]"
2018-11-12 16:55:28 DEBUG wire:73 -  << "Expires: 0[\r][\n]"
2018-11-12 16:55:28 DEBUG wire:73 -  << "X-Frame-Options: DENY[\r][\n]"
2018-11-12 16:55:28 DEBUG wire:73 -  << "Keep-Alive: timeout=5, max=100[\r][\n]"
2018-11-12 16:55:28 DEBUG wire:73 -  << "Connection: Keep-Alive[\r][\n]"
2018-11-12 16:55:28 DEBUG wire:73 -  << "Transfer-Encoding: chunked[\r][\n]"
2018-11-12 16:55:28 DEBUG wire:73 -  << "Content-Type: application/json;charset=UTF-8[\r][\n]"
2018-11-12 16:55:28 DEBUG wire:73 -  << "[\r][\n]"
2018-11-12 16:55:28 DEBUG DefaultClientConnection:259 - Receiving response: HTTP/1.1 200 200
2018-11-12 16:55:28 DEBUG headers:262 - << HTTP/1.1 200 200
2018-11-12 16:55:28 DEBUG headers:265 - << Date: Mon, 12 Nov 2018 14:55:28 GMT
2018-11-12 16:55:28 DEBUG headers:265 - << Server: Apache/2.4.25 (Debian)
2018-11-12 16:55:28 DEBUG headers:265 - << X-Content-Type-Options: nosniff
2018-11-12 16:55:28 DEBUG headers:265 - << X-XSS-Protection: 1; mode=block
2018-11-12 16:55:28 DEBUG headers:265 - << Cache-Control: no-cache, no-store, max-age=0, must-revalidate
2018-11-12 16:55:28 DEBUG headers:265 - << Pragma: no-cache
2018-11-12 16:55:28 DEBUG headers:265 - << Expires: 0
2018-11-12 16:55:28 DEBUG headers:265 - << X-Frame-Options: DENY
2018-11-12 16:55:28 DEBUG headers:265 - << Keep-Alive: timeout=5, max=100
2018-11-12 16:55:28 DEBUG headers:265 - << Connection: Keep-Alive
2018-11-12 16:55:28 DEBUG headers:265 - << Transfer-Encoding: chunked
2018-11-12 16:55:28 DEBUG headers:265 - << Content-Type: application/json;charset=UTF-8
2018-11-12 16:55:28 DEBUG DefaultHttpClient:509 - Connection can be kept alive for 5000 MILLISECONDS
2018-11-12 16:55:28 DEBUG RequestSpecificationImpl$RestAssuredHttpBuilder:544 - Parsing response as: application/json;charset=UTF-8
2018-11-12 16:55:28 DEBUG RequestSpecificationImpl$RestAssuredHttpBuilder:547 - Parsed data to instance of: class org.apache.http.conn.EofSensorInputStream
2018-11-12 16:55:28 DEBUG wire:73 -  << "11e[\r][\n]"
2018-11-12 16:55:28 DEBUG wire:73 -  << "{[\n]"
2018-11-12 16:55:28 DEBUG wire:73 -  << "  "RestResponse" : {[\n]"
2018-11-12 16:55:28 DEBUG wire:73 -  << "    "messages" : [ "State found matching code [AK]." ],[\n]"
2018-11-12 16:55:28 DEBUG wire:73 -  << "    "result" : {[\n]"
2018-11-12 16:55:28 DEBUG wire:73 -  << "      "id" : 2,[\n]"
2018-11-12 16:55:28 DEBUG wire:73 -  << "      "country" : "USA",[\n]"
2018-11-12 16:55:28 DEBUG wire:73 -  << "      "name" : "Alaska",[\n]"
2018-11-12 16:55:28 DEBUG wire:73 -  << "      "abbr" : "AK",[\n]"
2018-11-12 16:55:28 DEBUG wire:73 -  << "      "area" : "1723337SKM",[\n]"
2018-11-12 16:55:28 DEBUG wire:73 -  << "      "largest_city" : "Anchorage",[\n]"
2018-11-12 16:55:28 DEBUG wire:73 -  << "      "capital" : "Juneau"[\n]"
2018-11-12 16:55:28 DEBUG wire:73 -  << "    }[\n]"
2018-11-12 16:55:28 DEBUG wire:73 -  << "  }[\n]"
2018-11-12 16:55:28 DEBUG wire:87 -  << "}"
2018-11-12 16:55:28 DEBUG wire:73 -  << "[\r][\n]"
2018-11-12 16:55:28 DEBUG wire:73 -  << "0[\r][\n]"
2018-11-12 16:55:28 DEBUG wire:73 -  << "[\r][\n]"
2018-11-12 16:55:28 DEBUG BasicClientConnectionManager:200 - Releasing connection org.apache.http.impl.conn.ManagedClientConnectionImpl@18acfe88
2018-11-12 16:55:28 DEBUG BasicClientConnectionManager:225 - Connection can be kept alive for 5000 MILLISECONDS
2018-11-12 16:55:28 DEBUG BasicClientConnectionManager:161 - Get connection for route {}->http://services.groupkt.com:80
2018-11-12 16:55:28 DEBUG DefaultClientConnectionOperator:177 - Connecting to services.groupkt.com:80
2018-11-12 16:55:28 DEBUG RequestAddCookies:123 - CookieSpec selected: ignoreCookies
2018-11-12 16:55:28 DEBUG RequestAuthCache:77 - Auth cache not set in the context
2018-11-12 16:55:28 DEBUG RequestTargetAuthentication:80 - Target auth state: UNCHALLENGED
2018-11-12 16:55:28 DEBUG RequestProxyAuthentication:89 - Proxy auth state: UNCHALLENGED
2018-11-12 16:55:28 DEBUG DefaultHttpClient:682 - Attempt 1 to execute request
2018-11-12 16:55:28 DEBUG DefaultClientConnection:274 - Sending request: GET /state/get/IND/AP HTTP/1.1
2018-11-12 16:55:28 DEBUG wire:73 -  >> "GET /state/get/IND/AP HTTP/1.1[\r][\n]"
2018-11-12 16:55:28 DEBUG wire:73 -  >> "Accept: */*[\r][\n]"
2018-11-12 16:55:28 DEBUG wire:73 -  >> "Host: services.groupkt.com[\r][\n]"
2018-11-12 16:55:28 DEBUG wire:73 -  >> "Connection: Keep-Alive[\r][\n]"
2018-11-12 16:55:28 DEBUG wire:73 -  >> "User-Agent: Apache-HttpClient/4.5.3 (Java/11.0.1)[\r][\n]"
2018-11-12 16:55:28 DEBUG wire:73 -  >> "Accept-Encoding: gzip,deflate[\r][\n]"
2018-11-12 16:55:28 DEBUG wire:73 -  >> "[\r][\n]"
2018-11-12 16:55:28 DEBUG headers:278 - >> GET /state/get/IND/AP HTTP/1.1
2018-11-12 16:55:28 DEBUG headers:281 - >> Accept: */*
2018-11-12 16:55:28 DEBUG headers:281 - >> Host: services.groupkt.com
2018-11-12 16:55:28 DEBUG headers:281 - >> Connection: Keep-Alive
2018-11-12 16:55:28 DEBUG headers:281 - >> User-Agent: Apache-HttpClient/4.5.3 (Java/11.0.1)
2018-11-12 16:55:28 DEBUG headers:281 - >> Accept-Encoding: gzip,deflate
2018-11-12 16:55:28 DEBUG wire:73 -  << "HTTP/1.1 200 200[\r][\n]"
2018-11-12 16:55:28 DEBUG wire:73 -  << "Date: Mon, 12 Nov 2018 14:55:28 GMT[\r][\n]"
2018-11-12 16:55:28 DEBUG wire:73 -  << "Server: Apache/2.4.25 (Debian)[\r][\n]"
2018-11-12 16:55:28 DEBUG wire:73 -  << "X-Content-Type-Options: nosniff[\r][\n]"
2018-11-12 16:55:28 DEBUG wire:73 -  << "X-XSS-Protection: 1; mode=block[\r][\n]"
2018-11-12 16:55:28 DEBUG wire:73 -  << "Cache-Control: no-cache, no-store, max-age=0, must-revalidate[\r][\n]"
2018-11-12 16:55:28 DEBUG wire:73 -  << "Pragma: no-cache[\r][\n]"
2018-11-12 16:55:28 DEBUG wire:73 -  << "Expires: 0[\r][\n]"
2018-11-12 16:55:28 DEBUG wire:73 -  << "X-Frame-Options: DENY[\r][\n]"
2018-11-12 16:55:28 DEBUG wire:73 -  << "Keep-Alive: timeout=5, max=100[\r][\n]"
2018-11-12 16:55:28 DEBUG wire:73 -  << "Connection: Keep-Alive[\r][\n]"
2018-11-12 16:55:28 DEBUG wire:73 -  << "Transfer-Encoding: chunked[\r][\n]"
2018-11-12 16:55:28 DEBUG wire:73 -  << "Content-Type: application/json;charset=UTF-8[\r][\n]"
2018-11-12 16:55:28 DEBUG wire:73 -  << "[\r][\n]"
2018-11-12 16:55:28 DEBUG DefaultClientConnection:259 - Receiving response: HTTP/1.1 200 200
2018-11-12 16:55:28 DEBUG headers:262 - << HTTP/1.1 200 200
2018-11-12 16:55:28 DEBUG headers:265 - << Date: Mon, 12 Nov 2018 14:55:28 GMT
2018-11-12 16:55:28 DEBUG headers:265 - << Server: Apache/2.4.25 (Debian)
2018-11-12 16:55:28 DEBUG headers:265 - << X-Content-Type-Options: nosniff
2018-11-12 16:55:28 DEBUG headers:265 - << X-XSS-Protection: 1; mode=block
2018-11-12 16:55:28 DEBUG headers:265 - << Cache-Control: no-cache, no-store, max-age=0, must-revalidate
2018-11-12 16:55:28 DEBUG headers:265 - << Pragma: no-cache
2018-11-12 16:55:28 DEBUG headers:265 - << Expires: 0
2018-11-12 16:55:28 DEBUG headers:265 - << X-Frame-Options: DENY
2018-11-12 16:55:28 DEBUG headers:265 - << Keep-Alive: timeout=5, max=100
2018-11-12 16:55:28 DEBUG headers:265 - << Connection: Keep-Alive
2018-11-12 16:55:28 DEBUG headers:265 - << Transfer-Encoding: chunked
2018-11-12 16:55:28 DEBUG headers:265 - << Content-Type: application/json;charset=UTF-8
2018-11-12 16:55:28 DEBUG DefaultHttpClient:509 - Connection can be kept alive for 5000 MILLISECONDS
2018-11-12 16:55:28 DEBUG RequestSpecificationImpl$RestAssuredHttpBuilder:544 - Parsing response as: application/json;charset=UTF-8
2018-11-12 16:55:28 DEBUG RequestSpecificationImpl$RestAssuredHttpBuilder:547 - Parsed data to instance of: class org.apache.http.conn.EofSensorInputStream
2018-11-12 16:55:28 DEBUG wire:73 -  << "13f[\r][\n]"
2018-11-12 16:55:28 DEBUG wire:73 -  << "{[\n]"
2018-11-12 16:55:28 DEBUG wire:73 -  << "  "RestResponse" : {[\n]"
2018-11-12 16:55:28 DEBUG wire:73 -  << "    "messages" : [ "State found matching code [AP]." ],[\n]"
2018-11-12 16:55:28 DEBUG wire:73 -  << "    "result" : {[\n]"
2018-11-12 16:55:28 DEBUG wire:73 -  << "      "id" : 56,[\n]"
2018-11-12 16:55:28 DEBUG wire:73 -  << "      "country" : "IND",[\n]"
2018-11-12 16:55:28 DEBUG wire:73 -  << "      "name" : "Andhra Pradesh",[\n]"
2018-11-12 16:55:28 DEBUG wire:73 -  << "      "abbr" : "AP",[\n]"
2018-11-12 16:55:28 DEBUG wire:73 -  << "      "area" : "49506799SKM",[\n]"
2018-11-12 16:55:28 DEBUG wire:73 -  << "      "largest_city" : "Hyderabad Amaravati",[\n]"
2018-11-12 16:55:28 DEBUG wire:73 -  << "      "capital" : "Hyderabad Amaravati"[\n]"
2018-11-12 16:55:28 DEBUG wire:73 -  << "    }[\n]"
2018-11-12 16:55:28 DEBUG wire:73 -  << "  }[\n]"
2018-11-12 16:55:28 DEBUG wire:87 -  << "}"
2018-11-12 16:55:28 DEBUG wire:73 -  << "[\r][\n]"
2018-11-12 16:55:28 DEBUG wire:73 -  << "0[\r][\n]"
2018-11-12 16:55:28 DEBUG wire:73 -  << "[\r][\n]"
2018-11-12 16:55:28 DEBUG BasicClientConnectionManager:200 - Releasing connection org.apache.http.impl.conn.ManagedClientConnectionImpl@481e91b6
2018-11-12 16:55:28 DEBUG BasicClientConnectionManager:225 - Connection can be kept alive for 5000 MILLISECONDS
2018-11-12 16:55:28 DEBUG BasicClientConnectionManager:161 - Get connection for route {}->http://services.groupkt.com:80
2018-11-12 16:55:28 DEBUG DefaultClientConnectionOperator:177 - Connecting to services.groupkt.com:80
2018-11-12 16:55:30 DEBUG RequestAddCookies:123 - CookieSpec selected: ignoreCookies
2018-11-12 16:55:30 DEBUG RequestAuthCache:77 - Auth cache not set in the context
2018-11-12 16:55:30 DEBUG RequestTargetAuthentication:80 - Target auth state: UNCHALLENGED
2018-11-12 16:55:30 DEBUG RequestProxyAuthentication:89 - Proxy auth state: UNCHALLENGED
2018-11-12 16:55:30 DEBUG DefaultHttpClient:682 - Attempt 1 to execute request
2018-11-12 16:55:30 DEBUG DefaultClientConnection:274 - Sending request: GET /state/get/USA/WA HTTP/1.1
2018-11-12 16:55:30 DEBUG wire:73 -  >> "GET /state/get/USA/WA HTTP/1.1[\r][\n]"
2018-11-12 16:55:30 DEBUG wire:73 -  >> "Accept: */*[\r][\n]"
2018-11-12 16:55:30 DEBUG wire:73 -  >> "Host: services.groupkt.com[\r][\n]"
2018-11-12 16:55:30 DEBUG wire:73 -  >> "Connection: Keep-Alive[\r][\n]"
2018-11-12 16:55:30 DEBUG wire:73 -  >> "User-Agent: Apache-HttpClient/4.5.3 (Java/11.0.1)[\r][\n]"
2018-11-12 16:55:30 DEBUG wire:73 -  >> "Accept-Encoding: gzip,deflate[\r][\n]"
2018-11-12 16:55:30 DEBUG wire:73 -  >> "[\r][\n]"
2018-11-12 16:55:30 DEBUG headers:278 - >> GET /state/get/USA/WA HTTP/1.1
2018-11-12 16:55:30 DEBUG headers:281 - >> Accept: */*
2018-11-12 16:55:30 DEBUG headers:281 - >> Host: services.groupkt.com
2018-11-12 16:55:30 DEBUG headers:281 - >> Connection: Keep-Alive
2018-11-12 16:55:30 DEBUG headers:281 - >> User-Agent: Apache-HttpClient/4.5.3 (Java/11.0.1)
2018-11-12 16:55:30 DEBUG headers:281 - >> Accept-Encoding: gzip,deflate
2018-11-12 16:55:30 DEBUG wire:73 -  << "HTTP/1.1 200 200[\r][\n]"
2018-11-12 16:55:30 DEBUG wire:73 -  << "Date: Mon, 12 Nov 2018 14:55:30 GMT[\r][\n]"
2018-11-12 16:55:30 DEBUG wire:73 -  << "Server: Apache/2.4.25 (Debian)[\r][\n]"
2018-11-12 16:55:30 DEBUG wire:73 -  << "X-Content-Type-Options: nosniff[\r][\n]"
2018-11-12 16:55:30 DEBUG wire:73 -  << "X-XSS-Protection: 1; mode=block[\r][\n]"
2018-11-12 16:55:30 DEBUG wire:73 -  << "Cache-Control: no-cache, no-store, max-age=0, must-revalidate[\r][\n]"
2018-11-12 16:55:30 DEBUG wire:73 -  << "Pragma: no-cache[\r][\n]"
2018-11-12 16:55:30 DEBUG wire:73 -  << "Expires: 0[\r][\n]"
2018-11-12 16:55:30 DEBUG wire:73 -  << "X-Frame-Options: DENY[\r][\n]"
2018-11-12 16:55:30 DEBUG wire:73 -  << "Keep-Alive: timeout=5, max=100[\r][\n]"
2018-11-12 16:55:30 DEBUG wire:73 -  << "Connection: Keep-Alive[\r][\n]"
2018-11-12 16:55:30 DEBUG wire:73 -  << "Transfer-Encoding: chunked[\r][\n]"
2018-11-12 16:55:30 DEBUG wire:73 -  << "Content-Type: application/json;charset=UTF-8[\r][\n]"
2018-11-12 16:55:30 DEBUG wire:73 -  << "[\r][\n]"
2018-11-12 16:55:30 DEBUG DefaultClientConnection:259 - Receiving response: HTTP/1.1 200 200
2018-11-12 16:55:30 DEBUG headers:262 - << HTTP/1.1 200 200
2018-11-12 16:55:30 DEBUG headers:265 - << Date: Mon, 12 Nov 2018 14:55:30 GMT
2018-11-12 16:55:30 DEBUG headers:265 - << Server: Apache/2.4.25 (Debian)
2018-11-12 16:55:30 DEBUG headers:265 - << X-Content-Type-Options: nosniff
2018-11-12 16:55:30 DEBUG headers:265 - << X-XSS-Protection: 1; mode=block
2018-11-12 16:55:30 DEBUG headers:265 - << Cache-Control: no-cache, no-store, max-age=0, must-revalidate
2018-11-12 16:55:30 DEBUG headers:265 - << Pragma: no-cache
2018-11-12 16:55:30 DEBUG headers:265 - << Expires: 0
2018-11-12 16:55:30 DEBUG headers:265 - << X-Frame-Options: DENY
2018-11-12 16:55:30 DEBUG headers:265 - << Keep-Alive: timeout=5, max=100
2018-11-12 16:55:30 DEBUG headers:265 - << Connection: Keep-Alive
2018-11-12 16:55:30 DEBUG headers:265 - << Transfer-Encoding: chunked
2018-11-12 16:55:30 DEBUG headers:265 - << Content-Type: application/json;charset=UTF-8
2018-11-12 16:55:30 DEBUG DefaultHttpClient:509 - Connection can be kept alive for 5000 MILLISECONDS
2018-11-12 16:55:30 DEBUG RequestSpecificationImpl$RestAssuredHttpBuilder:544 - Parsing response as: application/json;charset=UTF-8
2018-11-12 16:55:30 DEBUG RequestSpecificationImpl$RestAssuredHttpBuilder:547 - Parsed data to instance of: class org.apache.http.conn.EofSensorInputStream
2018-11-12 16:55:30 DEBUG wire:73 -  << "121[\r][\n]"
2018-11-12 16:55:30 DEBUG wire:73 -  << "{[\n]"
2018-11-12 16:55:30 DEBUG wire:73 -  << "  "RestResponse" : {[\n]"
2018-11-12 16:55:30 DEBUG wire:73 -  << "    "messages" : [ "State found matching code [WA]." ],[\n]"
2018-11-12 16:55:30 DEBUG wire:73 -  << "    "result" : {[\n]"
2018-11-12 16:55:30 DEBUG wire:73 -  << "      "id" : 47,[\n]"
2018-11-12 16:55:30 DEBUG wire:73 -  << "      "country" : "USA",[\n]"
2018-11-12 16:55:30 DEBUG wire:73 -  << "      "name" : "Washington",[\n]"
2018-11-12 16:55:30 DEBUG wire:73 -  << "      "abbr" : "WA",[\n]"
2018-11-12 16:55:30 DEBUG wire:73 -  << "      "area" : "184661SKM",[\n]"
2018-11-12 16:55:30 DEBUG wire:73 -  << "      "largest_city" : "Seattle",[\n]"
2018-11-12 16:55:30 DEBUG wire:73 -  << "      "capital" : "Olympia"[\n]"
2018-11-12 16:55:30 DEBUG wire:73 -  << "    }[\n]"
2018-11-12 16:55:30 DEBUG wire:73 -  << "  }[\n]"
2018-11-12 16:55:30 DEBUG wire:87 -  << "}"
2018-11-12 16:55:30 DEBUG wire:73 -  << "[\r][\n]"
2018-11-12 16:55:30 DEBUG wire:73 -  << "0[\r][\n]"
2018-11-12 16:55:30 DEBUG wire:73 -  << "[\r][\n]"
2018-11-12 16:55:30 DEBUG BasicClientConnectionManager:200 - Releasing connection org.apache.http.impl.conn.ManagedClientConnectionImpl@7e2c64
2018-11-12 16:55:30 DEBUG BasicClientConnectionManager:225 - Connection can be kept alive for 5000 MILLISECONDS
